<?xml version="1.0" encoding="UTF-8"?>
<testng-results ignored="0" total="1" passed="1" failed="0" skipped="0">
  <reporter-output>
  </reporter-output>
  <suite started-at="2024-12-16T21:20:37 IST" name="Default suite" finished-at="2024-12-16T21:20:41 IST" duration-ms="3912">
    <groups>
    </groups>
    <test started-at="2024-12-16T21:20:37 IST" name="Default test" finished-at="2024-12-16T21:20:41 IST" duration-ms="3912">
      <class name="com.api.tests.UpdateProfileRequestTest">
        <test-method signature="updateProfileInfo()[pri:0, instance:com.api.tests.UpdateProfileRequestTest@7205765b]" started-at="2024-12-16T21:20:37 IST" name="updateProfileInfo" description="update profile details working properly" finished-at="2024-12-16T21:20:41 IST" duration-ms="3876" status="PASS">
          <reporter-output>
          </reporter-output>
        </test-method> <!-- updateProfileInfo -->
      </class> <!-- com.api.tests.UpdateProfileRequestTest -->
    </test> <!-- Default test -->
  </suite> <!-- Default suite -->
</testng-results>
